[2021-08-06 18:56:09.728818] Starting SPDK v20.10 git sha1 b81930e / DPDK 20.08.0 initialization...
[2021-08-06 18:56:09.728902] [ DPDK EAL parameters: [2021-08-06 18:56:09.728912] ibof_nvmf [2021-08-06 18:56:09.728918] --no-shconf [2021-08-06 18:56:09.728924] -c 001 [2021-08-06 18:56:09.728929] --log-level=lib.eal:6 [2021-08-06 18:56:09.728934] --log-level=lib.cryptodev:5 [2021-08-06 18:56:09.728940] --log-level=user1:6 [2021-08-06 18:56:09.728945] --iova-mode=pa [2021-08-06 18:56:09.728950] --base-virtaddr=0x200000000000 [2021-08-06 18:56:09.728955] --match-allocations [2021-08-06 18:56:09.728961] --file-prefix=spdk_pid2885 [2021-08-06 18:56:09.728966] ]
EAL: No legacy callbacks, legacy socket not created
[2021-08-06 18:56:09.842044] app.c: 474:spdk_app_start: *NOTICE*: Total cores available: 1
[2021-08-06 18:56:09.947490] reactor.c: 722:reactor_run: *NOTICE*: Reactor started on core 0
[2021-08-06 18:56:09.947770] accel_engine.c: 696:spdk_accel_engine_initialize: *NOTICE*: Accel engine initialized to use software engine.
poseidonos started
===============================
1 Sockets in Current NUMA
===============================
Socket ID: 0, 8CPUs
===============================
CPU ID: 0	Usage: Reactor
CPU ID: 1	Usage: UserIO
CPU ID: 2	Usage: Scheduler
CPU ID: 3	Usage: Event
CPU ID: 4	Usage: Event
CPU ID: 5	Usage: Event
CPU ID: 6	Usage: General
CPU ID: 7	Usage: QOS
===============================
Event Worker Socket: 0
===============================
CPU ID: 6       Usage: AIR
{"command":"GETIBOFOSINFO","rid":"86cd5937-f69c-11eb-8d77-080027f58a4e"}
{"command":"LISTDEVICE","rid":"098c0727-f69e-11eb-8b1f-080027f58a4e"}
{"command":"SCANDEVICE","rid":"0d8b1fba-f69e-11eb-ba87-080027f58a4e"}
{"command":"LISTDEVICE","rid":"11c047ab-f69e-11eb-a952-080027f58a4e"}
{"command":"SCANDEVICE","rid":"2dbdb45c-f69e-11eb-beb1-080027f58a4e"}
{"command":"GETIBOFOSINFO","rid":"3384ad2c-f69e-11eb-a44b-080027f58a4e"}
{"command":"SCANDEVICE","rid":"374baa5d-f69e-11eb-abe2-080027f58a4e"}
{"command":"LISTDEVICE","rid":"3b722ffc-f69e-11eb-b00e-080027f58a4e"}
{"command":"SCANDEVICE","rid":"a3b0a76f-f6a4-11eb-aefd-080027f58a4e"}
name: uram0
{"command":"SCANDEVICE","rid":"a7bc1c9f-f6a4-11eb-bb34-080027f58a4e"}
name: uram0
{"command":"LISTDEVICE","rid":"aaaf4f3a-f6a4-11eb-a717-080027f58a4e"}
[2021-08-06 19:56:24.506272] nvme_pcie.c:1444:nvme_pcie_qpair_abort_trackers: *ERROR*: aborting outstanding command
[2021-08-06 19:56:24.506887] nvme_pcie.c:1444:nvme_pcie_qpair_abort_trackers: *ERROR*: aborting outstanding command
[2021-08-06 19:56:24.506923] nvme_pcie.c:1444:nvme_pcie_qpair_abort_trackers: *ERROR*: aborting outstanding command
[2021-08-06 19:56:24.506937] nvme_pcie.c:1444:nvme_pcie_qpair_abort_trackers: *ERROR*: aborting outstanding command
[2021-08-06 19:56:24.506989] nvme_pcie.c:1444:nvme_pcie_qpair_abort_trackers: *ERROR*: aborting outstanding command
[2021-08-06 19:56:24.507012] nvme_ctrlr.c: 924:nvme_ctrlr_fail: *ERROR*: ctrlr 0000:00:0e.0 in failed state.
All Arrays already exist up to limit: Resource temporarily unavailable
{"command":"GETIBOFOSINFO","rid":"f1f6cd4c-f6a4-11eb-8ea5-080027f58a4e"}
[2021-08-06 19:56:34.334721] nvme_pcie.c:1444:nvme_pcie_qpair_abort_trackers: *ERROR*: aborting outstanding command
[2021-08-06 19:56:34.343640] nvme_pcie.c:1444:nvme_pcie_qpair_abort_trackers: *ERROR*: aborting outstanding command
[2021-08-06 19:56:34.343655] nvme_pcie.c:1444:nvme_pcie_qpair_abort_trackers: *ERROR*: aborting outstanding command
[2021-08-06 19:56:34.343664] nvme_pcie.c:1444:nvme_pcie_qpair_abort_trackers: *ERROR*: aborting outstanding command
[2021-08-06 19:56:34.343677] nvme_pcie.c:1444:nvme_pcie_qpair_abort_trackers: *ERROR*: aborting outstanding command
[2021-08-06 19:56:34.343686] nvme_ctrlr.c: 924:nvme_ctrlr_fail: *ERROR*: ctrlr 0000:00:0e.0 in failed state.
All Arrays already exist up to limit: Resource temporarily unavailable
{"command":"GETIBOFOSINFO","rid":"f7b93436-f6a4-11eb-8696-080027f58a4e"}
[2021-08-06 19:56:39.590480] nvme_pcie.c:1444:nvme_pcie_qpair_abort_trackers: *ERROR*: aborting outstanding command
[2021-08-06 19:56:39.590543] nvme_pcie.c:1444:nvme_pcie_qpair_abort_trackers: *ERROR*: aborting outstanding command
[2021-08-06 19:56:39.590576] nvme_pcie.c:1444:nvme_pcie_qpair_abort_trackers: *ERROR*: aborting outstanding command
[2021-08-06 19:56:39.590586] nvme_pcie.c:1444:nvme_pcie_qpair_abort_trackers: *ERROR*: aborting outstanding command
[2021-08-06 19:56:39.590593] nvme_pcie.c:1444:nvme_pcie_qpair_abort_trackers: *ERROR*: aborting outstanding command
[2021-08-06 19:56:39.590601] nvme_ctrlr.c: 924:nvme_ctrlr_fail: *ERROR*: ctrlr 0000:00:0e.0 in failed state.
All Arrays already exist up to limit: Resource temporarily unavailable
{"command":"GETIBOFOSINFO","rid":"fade7230-f6a4-11eb-b7df-080027f58a4e"}
[2021-08-06 19:56:50.522467] nvme_pcie.c:1444:nvme_pcie_qpair_abort_trackers: *ERROR*: aborting outstanding command
[2021-08-06 19:56:50.530407] nvme_pcie.c:1444:nvme_pcie_qpair_abort_trackers: *ERROR*: aborting outstanding command
[2021-08-06 19:56:50.530442] nvme_pcie.c:1444:nvme_pcie_qpair_abort_trackers: *ERROR*: aborting outstanding command
[2021-08-06 19:56:50.530580] nvme_pcie.c:1444:nvme_pcie_qpair_abort_trackers: *ERROR*: aborting outstanding command
[2021-08-06 19:56:50.530611] nvme_pcie.c:1444:nvme_pcie_qpair_abort_trackers: *ERROR*: aborting outstanding command
[2021-08-06 19:56:50.530632] nvme_ctrlr.c: 924:nvme_ctrlr_fail: *ERROR*: ctrlr 0000:00:0e.0 in failed state.
All Arrays already exist up to limit: Resource temporarily unavailable
{"command":"GETIBOFOSINFO","rid":"0154dc29-f6a5-11eb-95c7-080027f58a4e"}
All Arrays already exist up to limit: Resource temporarily unavailable
All Arrays already exist up to limit: Resource temporarily unavailable
[2021-08-06 20:07:09.986747] Starting SPDK v20.10 git sha1 b81930e / DPDK 20.08.0 initialization...
[2021-08-06 20:07:09.986839] [ DPDK EAL parameters: [2021-08-06 20:07:09.986856] ibof_nvmf [2021-08-06 20:07:09.986863] --no-shconf [2021-08-06 20:07:09.986869] -c 001 [2021-08-06 20:07:09.986875] --log-level=lib.eal:6 [2021-08-06 20:07:09.986888] --log-level=lib.cryptodev:5 [2021-08-06 20:07:09.986894] --log-level=user1:6 [2021-08-06 20:07:09.986900] --iova-mode=pa [2021-08-06 20:07:09.986931] --base-virtaddr=0x200000000000 [2021-08-06 20:07:09.986939] --match-allocations [2021-08-06 20:07:09.986944] --file-prefix=spdk_pid21023 [2021-08-06 20:07:09.986950] ]
EAL: No legacy callbacks, legacy socket not created
[2021-08-06 20:07:10.100638] app.c: 474:spdk_app_start: *NOTICE*: Total cores available: 1
[2021-08-06 20:07:10.203653] reactor.c: 722:reactor_run: *NOTICE*: Reactor started on core 0
[2021-08-06 20:07:10.203984] accel_engine.c: 696:spdk_accel_engine_initialize: *NOTICE*: Accel engine initialized to use software engine.
poseidonos started
===============================
1 Sockets in Current NUMA
===============================
Socket ID: 0, 8CPUs
===============================
CPU ID: 0	Usage: Reactor
CPU ID: 1	Usage: UserIO
CPU ID: 2	Usage: Scheduler
CPU ID: 3	Usage: Event
CPU ID: 4	Usage: Event
CPU ID: 5	Usage: Event
CPU ID: 6	Usage: General
CPU ID: 7	Usage: QOS
===============================
Event Worker Socket: 0
===============================
CPU ID: 6       Usage: AIR
{"command":"GETIBOFOSINFO","rid":"721e43ee-f6a6-11eb-862d-080027f58a4e"}
{"command":"GETIBOFOSINFO","rid":"82931fb7-f6a6-11eb-910f-080027f58a4e"}
{"command":"LISTDEVICE","rid":"88077b27-f6a6-11eb-a630-080027f58a4e"}
{"command":"SCANDEVICE","rid":"89f161a8-f6a6-11eb-ae6d-080027f58a4e"}
{"command":"SCANDEVICE","rid":"8e60ec26-f6a6-11eb-8bf0-080027f58a4e"}
{"command":"LISTDEVICE","rid":"92b76d39-f6a6-11eb-a9f4-080027f58a4e"}
[2021-08-06 20:11:50.625151] nvme_pcie.c:1444:nvme_pcie_qpair_abort_trackers: *ERROR*: aborting outstanding command
[2021-08-06 20:11:50.631528] nvme_pcie.c:1444:nvme_pcie_qpair_abort_trackers: *ERROR*: aborting outstanding command
[2021-08-06 20:11:50.631554] nvme_pcie.c:1444:nvme_pcie_qpair_abort_trackers: *ERROR*: aborting outstanding command
[2021-08-06 20:11:50.631636] nvme_pcie.c:1444:nvme_pcie_qpair_abort_trackers: *ERROR*: aborting outstanding command
[2021-08-06 20:11:50.631650] nvme_pcie.c:1444:nvme_pcie_qpair_abort_trackers: *ERROR*: aborting outstanding command
[2021-08-06 20:11:50.631752] nvme_ctrlr.c: 924:nvme_ctrlr_fail: *ERROR*: ctrlr 0000:00:0e.0 in failed state.
{"command":"GETIBOFOSINFO","rid":"19e54e70-f6a7-11eb-83cf-080027f58a4e"}
All Arrays already exist up to limit: Resource temporarily unavailable
{"command":"LISTDEVICE","rid":"264445ce-f6a7-11eb-b636-080027f58a4e"}
{"command":"SCANDEVICE","rid":"27fdbbea-f6a7-11eb-b85f-080027f58a4e"}
{"command":"LISTDEVICE","rid":"2c2fa292-f6a7-11eb-9a3b-080027f58a4e"}
{"command":"LISTDEVICE","rid":"7a727646-f6a7-11eb-84e9-080027f58a4e"}
{"command":"SCANDEVICE","rid":"7e8a939f-f6a7-11eb-8a44-080027f58a4e"}
[2021-08-06 20:22:20.536649] Starting SPDK v20.10 git sha1 b81930e / DPDK 20.08.0 initialization...
[2021-08-06 20:22:20.537998] [ DPDK EAL parameters: [2021-08-06 20:22:20.538013] ibof_nvmf [2021-08-06 20:22:20.538020] --no-shconf [2021-08-06 20:22:20.538027] -c 001 [2021-08-06 20:22:20.538038] --log-level=lib.eal:6 [2021-08-06 20:22:20.538057] --log-level=lib.cryptodev:5 [2021-08-06 20:22:20.538069] --log-level=user1:6 [2021-08-06 20:22:20.538079] --iova-mode=pa [2021-08-06 20:22:20.538096] --base-virtaddr=0x200000000000 [2021-08-06 20:22:20.538106] --match-allocations [2021-08-06 20:22:20.538115] --file-prefix=spdk_pid29173 [2021-08-06 20:22:20.538124] ]
EAL: No legacy callbacks, legacy socket not created
[2021-08-06 20:22:20.657582] app.c: 474:spdk_app_start: *NOTICE*: Total cores available: 1
[2021-08-06 20:22:20.767708] reactor.c: 722:reactor_run: *NOTICE*: Reactor started on core 0
[2021-08-06 20:22:20.768259] accel_engine.c: 696:spdk_accel_engine_initialize: *NOTICE*: Accel engine initialized to use software engine.
poseidonos started
===============================
1 Sockets in Current NUMA
===============================
Socket ID: 0, 8CPUs
===============================
CPU ID: 0	Usage: Reactor
CPU ID: 1	Usage: UserIO
CPU ID: 2	Usage: Scheduler
CPU ID: 3	Usage: Event
CPU ID: 4	Usage: Event
CPU ID: 5	Usage: Event
CPU ID: 6	Usage: General
CPU ID: 7	Usage: QOS
===============================
Event Worker Socket: 0
===============================
CPU ID: 6       Usage: AIR
{"command":"GETIBOFOSINFO","rid":"911e814e-f6a8-11eb-8732-080027f58a4e"}
{"command":"GETIBOFOSINFO","rid":"a5d51630-f6a8-11eb-bad8-080027f58a4e"}
{"command":"LISTDEVICE","rid":"aafe4790-f6a8-11eb-bbcb-080027f58a4e"}
{"command":"SCANDEVICE","rid":"ad85ceeb-f6a8-11eb-868c-080027f58a4e"}
{"command":"LISTDEVICE","rid":"b1be44c5-f6a8-11eb-a557-080027f58a4e"}
{"command":"CREATEARRAY","rid":"c528c9db-f6a8-11eb-aaec-080027f58a4e","param":{"buffer":[{"deviceName":"uram0"}],"data":[{"deviceName":"unvme-ns-0"},{"deviceName":"unvme-ns-1"},{"deviceName":"unvme-ns-2"},{"deviceName":"unvme-ns-3"},{"deviceName":"unvme-ns-4"}]}}
{"command":"CREATEARRAY","rid":"0066abe2-f6ab-11eb-80a3-080027f58a4e","param":{"buffer":[{"deviceName":"uram0"}],"data":[{"deviceName":"unvme-ns-0"},{"deviceName":"unvme-ns-1"},{"deviceName":"unvme-ns-2"},{"deviceName":"unvme-ns-3"},{"deviceName":"unvme-ns-4"}]}}
{"command":"SCANDEVICE","rid":"3a6af9c9-f6ab-11eb-afc5-080027f58a4e"}
{"command":"LISTDEVICE","rid":"3db323d7-f6ab-11eb-9aba-080027f58a4e"}
[2021-08-06 20:45:34.702704] Starting SPDK v20.10 git sha1 b81930e / DPDK 20.08.0 initialization...
[2021-08-06 20:45:34.703792] [ DPDK EAL parameters: [2021-08-06 20:45:34.703803] ibof_nvmf [2021-08-06 20:45:34.703810] --no-shconf [2021-08-06 20:45:34.703817] -c 001 [2021-08-06 20:45:34.703824] --log-level=lib.eal:6 [2021-08-06 20:45:34.703832] --log-level=lib.cryptodev:5 [2021-08-06 20:45:34.703841] --log-level=user1:6 [2021-08-06 20:45:34.703847] --iova-mode=pa [2021-08-06 20:45:34.703853] --base-virtaddr=0x200000000000 [2021-08-06 20:45:34.703858] --match-allocations [2021-08-06 20:45:34.703864] --file-prefix=spdk_pid2868 [2021-08-06 20:45:34.703870] ]
EAL: No legacy callbacks, legacy socket not created
[2021-08-06 20:45:34.826581] app.c: 474:spdk_app_start: *NOTICE*: Total cores available: 1
[2021-08-06 20:45:34.942300] reactor.c: 722:reactor_run: *NOTICE*: Reactor started on core 0
[2021-08-06 20:45:34.942914] accel_engine.c: 696:spdk_accel_engine_initialize: *NOTICE*: Accel engine initialized to use software engine.
poseidonos started
===============================
1 Sockets in Current NUMA
===============================
Socket ID: 0, 8CPUs
===============================
CPU ID: 0	Usage: Reactor
CPU ID: 1	Usage: UserIO
CPU ID: 2	Usage: Scheduler
CPU ID: 3	Usage: Event
CPU ID: 4	Usage: Event
CPU ID: 5	Usage: Event
CPU ID: 6	Usage: General
CPU ID: 7	Usage: QOS
===============================
Event Worker Socket: 0
===============================
CPU ID: 6       Usage: AIR
{"command":"GETIBOFOSINFO","rid":"d01c7594-f6ab-11eb-b3f2-080027f58a4e"}
All Arrays already exist up to limit: Resource temporarily unavailable
{"command":"GETIBOFOSINFO","rid":"f29ff7a7-f6ab-11eb-b305-080027f58a4e"}
{"command":"LISTARRAY","rid":"fromCLI"}
{"command":"LISTDEVICE","rid":"184e9d58-f6ac-11eb-a79f-080027f58a4e"}
{"command":"GETIBOFOSINFO","rid":"1d878614-f6ac-11eb-a859-080027f58a4e"}
{"command":"SCANDEVICE","rid":"2197a95d-f6ac-11eb-a739-080027f58a4e"}
{"command":"LISTDEVICE","rid":"28e6a7f5-f6ac-11eb-ab7b-080027f58a4e"}
{"command":"CREATEARRAY","rid":"498d8cfc-f6ac-11eb-961f-080027f58a4e","param":{"buffer":[{"deviceName":"uram0"}],"data":[{"deviceName":"unvme-ns-0"},{"deviceName":"unvme-ns-1"},{"deviceName":"unvme-ns-2"},{"deviceName":"unvme-ns-3"},{"deviceName":"unvme-ns-4"}]}}
